Build started 2020/1/2 10:50:17.
     1>Project "C:\Users\Peak\PublicSecurityVideoRetrievalSystem\PublicSecurityVideoRetrievalSystem\PublicSecurityVideoRetrievalSystem\PublicSecurityVideoRetrievalSystem.vcxproj" on node 2 (Build target(s)).
     1>ClCompile:
         C:\Program Files (x86)\Microsoft Visual Studio 12.0\VC\bin\CL.exe /c /ZI /nologo /W3 /WX- /sdl /Od /Oy- /D WIN32 /D _WINDOWS /D _DEBUG /D _UNICODE /D UNICODE /D _AFXDLL /Gm /EHsc /RTC1 /MDd /GS /fp:precise /Zc:wchar_t /Zc:forScope /Yc"stdafx.h" /Fp"Debug\PublicSecurityVideoRetrievalSystem.pch" /Fo"Debug\\" /Fd"Debug\vc120.pdb" /Gd /TP /analyze- /errorReport:prompt stdafx.cpp
         stdafx.cpp
         C:\Program Files (x86)\Microsoft Visual Studio 12.0\VC\bin\CL.exe /c /ZI /nologo /W3 /WX- /sdl /Od /Oy- /D WIN32 /D _WINDOWS /D _DEBUG /D _UNICODE /D UNICODE /D _AFXDLL /Gm /EHsc /RTC1 /MDd /GS /fp:precise /Zc:wchar_t /Zc:forScope /Yu"stdafx.h" /Fp"Debug\PublicSecurityVideoRetrievalSystem.pch" /Fo"Debug\\" /Fd"Debug\vc120.pdb" /Gd /TP /analyze- /errorReport:prompt ImgMain.cpp PublicSecurityVideoRetrievalSystem.cpp PublicSecurityVideoRetrievalSystemDlg.cpp
         PublicSecurityVideoRetrievalSystemDlg.cpp
         PublicSecurityVideoRetrievalSystem.cpp
         ImgMain.cpp
         Generating Code...
       ResourceCompile:
         C:\Program Files (x86)\Windows Kits\8.1\bin\x86\rc.exe /D _DEBUG /D _UNICODE /D UNICODE /D _AFXDLL /l"0x0409" /IDebug\ /nologo /fo"Debug\PublicSecurityVideoRetrievalSystem.res" PublicSecurityVideoRetrievalSystem.rc 
       Link:
         C:\Program Files (x86)\Microsoft Visual Studio 12.0\VC\bin\link.exe /ERRORREPORT:PROMPT /OUT:"C:\Users\Peak\PublicSecurityVideoRetrievalSystem\PublicSecurityVideoRetrievalSystem\Debug\PublicSecurityVideoRetrievalSystem.exe" /INCREMENTAL /NOLOGO /MANIFEST /MANIFESTUAC:"level='asInvoker' uiAccess='false'" /manifest:embed /manifestinput:"C:\Program Files (x86)\Microsoft Visual Studio 12.0\VC\Include\Manifest\dpiaware.manifest" /DEBUG /PDB:"C:\Users\Peak\PublicSecurityVideoRetrievalSystem\PublicSecurityVideoRetrievalSystem\Debug\PublicSecurityVideoRetrievalSystem.pdb" /SUBSYSTEM:WINDOWS /TLBID:1 /ENTRY:"wWinMainCRTStartup" /DYNAMICBASE /NXCOMPAT /IMPLIB:"C:\Users\Peak\PublicSecurityVideoRetrievalSystem\PublicSecurityVideoRetrievalSystem\Debug\PublicSecurityVideoRetrievalSystem.lib" /MACHINE:X86 Debug\PublicSecurityVideoRetrievalSystem.res
         Debug\ImgMain.obj
         Debug\PublicSecurityVideoRetrievalSystem.obj
         Debug\PublicSecurityVideoRetrievalSystemDlg.obj
         Debug\stdafx.obj
         LINK : C:\Users\Peak\PublicSecurityVideoRetrievalSystem\PublicSecurityVideoRetrievalSystem\Debug\PublicSecurityVideoRetrievalSystem.exe not found or not built by the last incremental link; performing full link
         PublicSecurityVideoRetrievalSystem.vcxproj -> C:\Users\Peak\PublicSecurityVideoRetrievalSystem\PublicSecurityVideoRetrievalSystem\Debug\PublicSecurityVideoRetrievalSystem.exe
     1>Done Building Project "C:\Users\Peak\PublicSecurityVideoRetrievalSystem\PublicSecurityVideoRetrievalSystem\PublicSecurityVideoRetrievalSystem\PublicSecurityVideoRetrievalSystem.vcxproj" (Build target(s)).

Build succeeded.

Time Elapsed 00:00:19.16
